<?xml version="1.0" encoding="UTF-8"?>
<testsuite xmlns:xsi="http://www.w3.org/2001/XMLSchema-instance" xsi:noNamespaceSchemaLocation="https://maven.apache.org/surefire/maven-surefire-plugin/xsd/surefire-test-report.xsd" version="3.0.2" name="org.example.prispevky.PrispevkyApplicationTests" time="0.628" tests="1" errors="0" skipped="0" failures="0">
  <properties>
    <property name="java.specification.version" value="17"/>
    <property name="sun.jnu.encoding" value="UTF-8"/>
    <property name="java.class.path" value="/home/j/ProjectsIntelliJ/Prispevky/target/test-classes:/home/j/ProjectsIntelliJ/Prispevky/target/classes:/home/j/.m2/repository/org/springframework/boot/spring-boot-starter-web/3.4.0-SNAPSHOT/spring-boot-starter-web-3.4.0-SNAPSHOT.jar:/home/j/.m2/repository/org/springframework/boot/spring-boot-starter/3.4.0-SNAPSHOT/spring-boot-starter-3.4.0-SNAPSHOT.jar:/home/j/.m2/repository/org/springframework/boot/spring-boot/3.4.0-SNAPSHOT/spring-boot-3.4.0-SNAPSHOT.jar:/home/j/.m2/repository/org/springframework/boot/spring-boot-autoconfigure/3.4.0-SNAPSHOT/spring-boot-autoconfigure-3.4.0-SNAPSHOT.jar:/home/j/.m2/repository/org/springframework/boot/spring-boot-starter-logging/3.4.0-SNAPSHOT/spring-boot-starter-logging-3.4.0-SNAPSHOT.jar:/home/j/.m2/repository/ch/qos/logback/logback-classic/1.5.6/logback-classic-1.5.6.jar:/home/j/.m2/repository/ch/qos/logback/logback-core/1.5.6/logback-core-1.5.6.jar:/home/j/.m2/repository/org/apache/logging/log4j/log4j-to-slf4j/2.23.1/log4j-to-slf4j-2.23.1.jar:/home/j/.m2/repository/org/apache/logging/log4j/log4j-api/2.23.1/log4j-api-2.23.1.jar:/home/j/.m2/repository/org/slf4j/jul-to-slf4j/2.0.16/jul-to-slf4j-2.0.16.jar:/home/j/.m2/repository/org/yaml/snakeyaml/2.2/snakeyaml-2.2.jar:/home/j/.m2/repository/org/springframework/boot/spring-boot-starter-json/3.4.0-SNAPSHOT/spring-boot-starter-json-3.4.0-SNAPSHOT.jar:/home/j/.m2/repository/com/fasterxml/jackson/core/jackson-databind/2.17.2/jackson-databind-2.17.2.jar:/home/j/.m2/repository/com/fasterxml/jackson/core/jackson-annotations/2.17.2/jackson-annotations-2.17.2.jar:/home/j/.m2/repository/com/fasterxml/jackson/core/jackson-core/2.17.2/jackson-core-2.17.2.jar:/home/j/.m2/repository/com/fasterxml/jackson/datatype/jackson-datatype-jdk8/2.17.2/jackson-datatype-jdk8-2.17.2.jar:/home/j/.m2/repository/com/fasterxml/jackson/datatype/jackson-datatype-jsr310/2.17.2/jackson-datatype-jsr310-2.17.2.jar:/home/j/.m2/repository/com/fasterxml/jackson/module/jackson-module-parameter-names/2.17.2/jackson-module-parameter-names-2.17.2.jar:/home/j/.m2/repository/org/springframework/spring-web/6.2.0-SNAPSHOT/spring-web-6.2.0-SNAPSHOT.jar:/home/j/.m2/repository/io/micrometer/micrometer-observation/1.14.0-M2/micrometer-observation-1.14.0-M2.jar:/home/j/.m2/repository/io/micrometer/micrometer-commons/1.14.0-M2/micrometer-commons-1.14.0-M2.jar:/home/j/.m2/repository/org/springframework/spring-webmvc/6.2.0-SNAPSHOT/spring-webmvc-6.2.0-SNAPSHOT.jar:/home/j/.m2/repository/org/springframework/spring-expression/6.2.0-SNAPSHOT/spring-expression-6.2.0-SNAPSHOT.jar:/home/j/.m2/repository/org/springframework/boot/spring-boot-starter-tomcat/3.4.0-SNAPSHOT/spring-boot-starter-tomcat-3.4.0-SNAPSHOT.jar:/home/j/.m2/repository/jakarta/annotation/jakarta.annotation-api/2.1.1/jakarta.annotation-api-2.1.1.jar:/home/j/.m2/repository/org/apache/tomcat/embed/tomcat-embed-core/10.1.28/tomcat-embed-core-10.1.28.jar:/home/j/.m2/repository/org/apache/tomcat/embed/tomcat-embed-el/10.1.28/tomcat-embed-el-10.1.28.jar:/home/j/.m2/repository/org/apache/tomcat/embed/tomcat-embed-websocket/10.1.28/tomcat-embed-websocket-10.1.28.jar:/home/j/.m2/repository/org/springframework/boot/spring-boot-starter-data-jpa/3.3.2/spring-boot-starter-data-jpa-3.3.2.jar:/home/j/.m2/repository/org/springframework/boot/spring-boot-starter-aop/3.4.0-SNAPSHOT/spring-boot-starter-aop-3.4.0-SNAPSHOT.jar:/home/j/.m2/repository/org/aspectj/aspectjweaver/1.9.22.1/aspectjweaver-1.9.22.1.jar:/home/j/.m2/repository/org/springframework/boot/spring-boot-starter-jdbc/3.4.0-SNAPSHOT/spring-boot-starter-jdbc-3.4.0-SNAPSHOT.jar:/home/j/.m2/repository/com/zaxxer/HikariCP/5.1.0/HikariCP-5.1.0.jar:/home/j/.m2/repository/org/springframework/spring-jdbc/6.2.0-SNAPSHOT/spring-jdbc-6.2.0-SNAPSHOT.jar:/home/j/.m2/repository/org/hibernate/orm/hibernate-core/6.5.2.Final/hibernate-core-6.5.2.Final.jar:/home/j/.m2/repository/jakarta/persistence/jakarta.persistence-api/3.1.0/jakarta.persistence-api-3.1.0.jar:/home/j/.m2/repository/jakarta/transaction/jakarta.transaction-api/2.0.1/jakarta.transaction-api-2.0.1.jar:/home/j/.m2/repository/org/jboss/logging/jboss-logging/3.6.0.Final/jboss-logging-3.6.0.Final.jar:/home/j/.m2/repository/org/hibernate/common/hibernate-commons-annotations/6.0.6.Final/hibernate-commons-annotations-6.0.6.Final.jar:/home/j/.m2/repository/io/smallrye/jandex/3.1.2/jandex-3.1.2.jar:/home/j/.m2/repository/com/fasterxml/classmate/1.7.0/classmate-1.7.0.jar:/home/j/.m2/repository/net/bytebuddy/byte-buddy/1.14.18/byte-buddy-1.14.18.jar:/home/j/.m2/repository/org/glassfish/jaxb/jaxb-runtime/4.0.5/jaxb-runtime-4.0.5.jar:/home/j/.m2/repository/org/glassfish/jaxb/jaxb-core/4.0.5/jaxb-core-4.0.5.jar:/home/j/.m2/repository/org/eclipse/angus/angus-activation/2.0.2/angus-activation-2.0.2.jar:/home/j/.m2/repository/org/glassfish/jaxb/txw2/4.0.5/txw2-4.0.5.jar:/home/j/.m2/repository/com/sun/istack/istack-commons-runtime/4.1.2/istack-commons-runtime-4.1.2.jar:/home/j/.m2/repository/jakarta/inject/jakarta.inject-api/2.0.1/jakarta.inject-api-2.0.1.jar:/home/j/.m2/repository/org/springframework/spring-aspects/6.2.0-SNAPSHOT/spring-aspects-6.2.0-SNAPSHOT.jar:/home/j/.m2/repository/org/springframework/boot/spring-boot-starter-webflux/3.4.0-SNAPSHOT/spring-boot-starter-webflux-3.4.0-SNAPSHOT.jar:/home/j/.m2/repository/org/springframework/boot/spring-boot-starter-reactor-netty/3.4.0-SNAPSHOT/spring-boot-starter-reactor-netty-3.4.0-SNAPSHOT.jar:/home/j/.m2/repository/io/projectreactor/netty/reactor-netty-http/1.2.0-SNAPSHOT/reactor-netty-http-1.2.0-SNAPSHOT.jar:/home/j/.m2/repository/io/netty/netty-codec-http/4.1.112.Final/netty-codec-http-4.1.112.Final.jar:/home/j/.m2/repository/io/netty/netty-common/4.1.112.Final/netty-common-4.1.112.Final.jar:/home/j/.m2/repository/io/netty/netty-buffer/4.1.112.Final/netty-buffer-4.1.112.Final.jar:/home/j/.m2/repository/io/netty/netty-transport/4.1.112.Final/netty-transport-4.1.112.Final.jar:/home/j/.m2/repository/io/netty/netty-codec/4.1.112.Final/netty-codec-4.1.112.Final.jar:/home/j/.m2/repository/io/netty/netty-handler/4.1.112.Final/netty-handler-4.1.112.Final.jar:/home/j/.m2/repository/io/netty/netty-codec-http2/4.1.112.Final/netty-codec-http2-4.1.112.Final.jar:/home/j/.m2/repository/io/netty/netty-resolver-dns/4.1.112.Final/netty-resolver-dns-4.1.112.Final.jar:/home/j/.m2/repository/io/netty/netty-resolver/4.1.112.Final/netty-resolver-4.1.112.Final.jar:/home/j/.m2/repository/io/netty/netty-codec-dns/4.1.112.Final/netty-codec-dns-4.1.112.Final.jar:/home/j/.m2/repository/io/netty/netty-resolver-dns-native-macos/4.1.112.Final/netty-resolver-dns-native-macos-4.1.112.Final-osx-x86_64.jar:/home/j/.m2/repository/io/netty/netty-resolver-dns-classes-macos/4.1.112.Final/netty-resolver-dns-classes-macos-4.1.112.Final.jar:/home/j/.m2/repository/io/netty/netty-transport-native-epoll/4.1.112.Final/netty-transport-native-epoll-4.1.112.Final-linux-x86_64.jar:/home/j/.m2/repository/io/netty/netty-transport-native-unix-common/4.1.112.Final/netty-transport-native-unix-common-4.1.112.Final.jar:/home/j/.m2/repository/io/netty/netty-transport-classes-epoll/4.1.112.Final/netty-transport-classes-epoll-4.1.112.Final.jar:/home/j/.m2/repository/io/projectreactor/netty/reactor-netty-core/1.2.0-SNAPSHOT/reactor-netty-core-1.2.0-SNAPSHOT.jar:/home/j/.m2/repository/io/netty/netty-handler-proxy/4.1.112.Final/netty-handler-proxy-4.1.112.Final.jar:/home/j/.m2/repository/io/netty/netty-codec-socks/4.1.112.Final/netty-codec-socks-4.1.112.Final.jar:/home/j/.m2/repository/org/springframework/spring-webflux/6.2.0-SNAPSHOT/spring-webflux-6.2.0-SNAPSHOT.jar:/home/j/.m2/repository/io/projectreactor/reactor-core/3.7.0-SNAPSHOT/reactor-core-3.7.0-SNAPSHOT.jar:/home/j/.m2/repository/org/reactivestreams/reactive-streams/1.0.4/reactive-streams-1.0.4.jar:/home/j/.m2/repository/com/h2database/h2/2.3.230/h2-2.3.230.jar:/home/j/.m2/repository/javax/persistence/javax.persistence-api/2.2/javax.persistence-api-2.2.jar:/home/j/.m2/repository/org/projectlombok/lombok/1.18.34/lombok-1.18.34.jar:/home/j/.m2/repository/org/springframework/data/spring-data-jpa/3.3.3-SNAPSHOT/spring-data-jpa-3.3.3-SNAPSHOT.jar:/home/j/.m2/repository/org/springframework/data/spring-data-commons/3.3.3-SNAPSHOT/spring-data-commons-3.3.3-SNAPSHOT.jar:/home/j/.m2/repository/org/springframework/spring-orm/6.2.0-SNAPSHOT/spring-orm-6.2.0-SNAPSHOT.jar:/home/j/.m2/repository/org/springframework/spring-context/6.2.0-SNAPSHOT/spring-context-6.2.0-SNAPSHOT.jar:/home/j/.m2/repository/org/springframework/spring-aop/6.2.0-SNAPSHOT/spring-aop-6.2.0-SNAPSHOT.jar:/home/j/.m2/repository/org/springframework/spring-tx/6.2.0-SNAPSHOT/spring-tx-6.2.0-SNAPSHOT.jar:/home/j/.m2/repository/org/springframework/spring-beans/6.2.0-SNAPSHOT/spring-beans-6.2.0-SNAPSHOT.jar:/home/j/.m2/repository/org/springframework/spring-core/6.2.0-SNAPSHOT/spring-core-6.2.0-SNAPSHOT.jar:/home/j/.m2/repository/org/springframework/spring-jcl/6.2.0-SNAPSHOT/spring-jcl-6.2.0-SNAPSHOT.jar:/home/j/.m2/repository/org/antlr/antlr4-runtime/4.13.0/antlr4-runtime-4.13.0.jar:/home/j/.m2/repository/org/slf4j/slf4j-api/2.0.16/slf4j-api-2.0.16.jar:/home/j/.m2/repository/org/springframework/boot/spring-boot-starter-validation/3.4.0-SNAPSHOT/spring-boot-starter-validation-3.4.0-SNAPSHOT.jar:/home/j/.m2/repository/org/hibernate/validator/hibernate-validator/8.0.1.Final/hibernate-validator-8.0.1.Final.jar:/home/j/.m2/repository/jakarta/validation/jakarta.validation-api/3.0.2/jakarta.validation-api-3.0.2.jar:/home/j/.m2/repository/javax/validation/validation-api/2.0.1.Final/validation-api-2.0.1.Final.jar:/home/j/.m2/repository/org/springframework/boot/spring-boot-starter-test/3.4.0-SNAPSHOT/spring-boot-starter-test-3.4.0-SNAPSHOT.jar:/home/j/.m2/repository/org/springframework/boot/spring-boot-test/3.4.0-SNAPSHOT/spring-boot-test-3.4.0-SNAPSHOT.jar:/home/j/.m2/repository/org/springframework/boot/spring-boot-test-autoconfigure/3.4.0-SNAPSHOT/spring-boot-test-autoconfigure-3.4.0-SNAPSHOT.jar:/home/j/.m2/repository/com/jayway/jsonpath/json-path/2.9.0/json-path-2.9.0.jar:/home/j/.m2/repository/jakarta/xml/bind/jakarta.xml.bind-api/4.0.2/jakarta.xml.bind-api-4.0.2.jar:/home/j/.m2/repository/jakarta/activation/jakarta.activation-api/2.1.3/jakarta.activation-api-2.1.3.jar:/home/j/.m2/repository/net/minidev/json-smart/2.5.1/json-smart-2.5.1.jar:/home/j/.m2/repository/net/minidev/accessors-smart/2.5.1/accessors-smart-2.5.1.jar:/home/j/.m2/repository/org/ow2/asm/asm/9.6/asm-9.6.jar:/home/j/.m2/repository/org/assertj/assertj-core/3.26.3/assertj-core-3.26.3.jar:/home/j/.m2/repository/org/awaitility/awaitility/4.2.2/awaitility-4.2.2.jar:/home/j/.m2/repository/org/hamcrest/hamcrest/2.2/hamcrest-2.2.jar:/home/j/.m2/repository/org/junit/jupiter/junit-jupiter/5.10.3/junit-jupiter-5.10.3.jar:/home/j/.m2/repository/org/junit/jupiter/junit-jupiter-api/5.10.3/junit-jupiter-api-5.10.3.jar:/home/j/.m2/repository/org/opentest4j/opentest4j/1.3.0/opentest4j-1.3.0.jar:/home/j/.m2/repository/org/junit/platform/junit-platform-commons/1.10.3/junit-platform-commons-1.10.3.jar:/home/j/.m2/repository/org/apiguardian/apiguardian-api/1.1.2/apiguardian-api-1.1.2.jar:/home/j/.m2/repository/org/junit/jupiter/junit-jupiter-params/5.10.3/junit-jupiter-params-5.10.3.jar:/home/j/.m2/repository/org/junit/jupiter/junit-jupiter-engine/5.10.3/junit-jupiter-engine-5.10.3.jar:/home/j/.m2/repository/org/junit/platform/junit-platform-engine/1.10.3/junit-platform-engine-1.10.3.jar:/home/j/.m2/repository/org/mockito/mockito-core/5.12.0/mockito-core-5.12.0.jar:/home/j/.m2/repository/net/bytebuddy/byte-buddy-agent/1.14.18/byte-buddy-agent-1.14.18.jar:/home/j/.m2/repository/org/objenesis/objenesis/3.3/objenesis-3.3.jar:/home/j/.m2/repository/org/mockito/mockito-junit-jupiter/5.12.0/mockito-junit-jupiter-5.12.0.jar:/home/j/.m2/repository/org/skyscreamer/jsonassert/1.5.3/jsonassert-1.5.3.jar:/home/j/.m2/repository/com/vaadin/external/google/android-json/0.0.20131108.vaadin1/android-json-0.0.20131108.vaadin1.jar:/home/j/.m2/repository/org/springframework/spring-test/6.2.0-SNAPSHOT/spring-test-6.2.0-SNAPSHOT.jar:/home/j/.m2/repository/org/xmlunit/xmlunit-core/2.10.0/xmlunit-core-2.10.0.jar:"/>
    <property name="java.vm.vendor" value="JetBrains s.r.o."/>
    <property name="sun.arch.data.model" value="64"/>
    <property name="catalina.useNaming" value="false"/>
    <property name="java.vendor.url" value="https://openjdk.java.net/"/>
    <property name="user.timezone" value="Europe/Bratislava"/>
    <property name="org.jboss.logging.provider" value="slf4j"/>
    <property name="os.name" value="Linux"/>
    <property name="java.vm.specification.version" value="17"/>
    <property name="APPLICATION_NAME" value="Prispevky"/>
    <property name="sun.java.launcher" value="SUN_STANDARD"/>
    <property name="user.country" value="US"/>
    <property name="sun.boot.library.path" value="/home/j/.jdks/jbr-17.0.11/lib"/>
    <property name="sun.java.command" value="/home/j/ProjectsIntelliJ/Prispevky/target/surefire/surefirebooter-20240815100538222_3.jar /home/j/ProjectsIntelliJ/Prispevky/target/surefire 2024-08-15T10-05-38_129-jvmRun1 surefire-20240815100538222_1tmp surefire_0-20240815100538222_2tmp"/>
    <property name="jdk.debug" value="release"/>
    <property name="surefire.test.class.path" value="/home/j/ProjectsIntelliJ/Prispevky/target/test-classes:/home/j/ProjectsIntelliJ/Prispevky/target/classes:/home/j/.m2/repository/org/springframework/boot/spring-boot-starter-web/3.4.0-SNAPSHOT/spring-boot-starter-web-3.4.0-SNAPSHOT.jar:/home/j/.m2/repository/org/springframework/boot/spring-boot-starter/3.4.0-SNAPSHOT/spring-boot-starter-3.4.0-SNAPSHOT.jar:/home/j/.m2/repository/org/springframework/boot/spring-boot/3.4.0-SNAPSHOT/spring-boot-3.4.0-SNAPSHOT.jar:/home/j/.m2/repository/org/springframework/boot/spring-boot-autoconfigure/3.4.0-SNAPSHOT/spring-boot-autoconfigure-3.4.0-SNAPSHOT.jar:/home/j/.m2/repository/org/springframework/boot/spring-boot-starter-logging/3.4.0-SNAPSHOT/spring-boot-starter-logging-3.4.0-SNAPSHOT.jar:/home/j/.m2/repository/ch/qos/logback/logback-classic/1.5.6/logback-classic-1.5.6.jar:/home/j/.m2/repository/ch/qos/logback/logback-core/1.5.6/logback-core-1.5.6.jar:/home/j/.m2/repository/org/apache/logging/log4j/log4j-to-slf4j/2.23.1/log4j-to-slf4j-2.23.1.jar:/home/j/.m2/repository/org/apache/logging/log4j/log4j-api/2.23.1/log4j-api-2.23.1.jar:/home/j/.m2/repository/org/slf4j/jul-to-slf4j/2.0.16/jul-to-slf4j-2.0.16.jar:/home/j/.m2/repository/org/yaml/snakeyaml/2.2/snakeyaml-2.2.jar:/home/j/.m2/repository/org/springframework/boot/spring-boot-starter-json/3.4.0-SNAPSHOT/spring-boot-starter-json-3.4.0-SNAPSHOT.jar:/home/j/.m2/repository/com/fasterxml/jackson/core/jackson-databind/2.17.2/jackson-databind-2.17.2.jar:/home/j/.m2/repository/com/fasterxml/jackson/core/jackson-annotations/2.17.2/jackson-annotations-2.17.2.jar:/home/j/.m2/repository/com/fasterxml/jackson/core/jackson-core/2.17.2/jackson-core-2.17.2.jar:/home/j/.m2/repository/com/fasterxml/jackson/datatype/jackson-datatype-jdk8/2.17.2/jackson-datatype-jdk8-2.17.2.jar:/home/j/.m2/repository/com/fasterxml/jackson/datatype/jackson-datatype-jsr310/2.17.2/jackson-datatype-jsr310-2.17.2.jar:/home/j/.m2/repository/com/fasterxml/jackson/module/jackson-module-parameter-names/2.17.2/jackson-module-parameter-names-2.17.2.jar:/home/j/.m2/repository/org/springframework/spring-web/6.2.0-SNAPSHOT/spring-web-6.2.0-SNAPSHOT.jar:/home/j/.m2/repository/io/micrometer/micrometer-observation/1.14.0-M2/micrometer-observation-1.14.0-M2.jar:/home/j/.m2/repository/io/micrometer/micrometer-commons/1.14.0-M2/micrometer-commons-1.14.0-M2.jar:/home/j/.m2/repository/org/springframework/spring-webmvc/6.2.0-SNAPSHOT/spring-webmvc-6.2.0-SNAPSHOT.jar:/home/j/.m2/repository/org/springframework/spring-expression/6.2.0-SNAPSHOT/spring-expression-6.2.0-SNAPSHOT.jar:/home/j/.m2/repository/org/springframework/boot/spring-boot-starter-tomcat/3.4.0-SNAPSHOT/spring-boot-starter-tomcat-3.4.0-SNAPSHOT.jar:/home/j/.m2/repository/jakarta/annotation/jakarta.annotation-api/2.1.1/jakarta.annotation-api-2.1.1.jar:/home/j/.m2/repository/org/apache/tomcat/embed/tomcat-embed-core/10.1.28/tomcat-embed-core-10.1.28.jar:/home/j/.m2/repository/org/apache/tomcat/embed/tomcat-embed-el/10.1.28/tomcat-embed-el-10.1.28.jar:/home/j/.m2/repository/org/apache/tomcat/embed/tomcat-embed-websocket/10.1.28/tomcat-embed-websocket-10.1.28.jar:/home/j/.m2/repository/org/springframework/boot/spring-boot-starter-data-jpa/3.3.2/spring-boot-starter-data-jpa-3.3.2.jar:/home/j/.m2/repository/org/springframework/boot/spring-boot-starter-aop/3.4.0-SNAPSHOT/spring-boot-starter-aop-3.4.0-SNAPSHOT.jar:/home/j/.m2/repository/org/aspectj/aspectjweaver/1.9.22.1/aspectjweaver-1.9.22.1.jar:/home/j/.m2/repository/org/springframework/boot/spring-boot-starter-jdbc/3.4.0-SNAPSHOT/spring-boot-starter-jdbc-3.4.0-SNAPSHOT.jar:/home/j/.m2/repository/com/zaxxer/HikariCP/5.1.0/HikariCP-5.1.0.jar:/home/j/.m2/repository/org/springframework/spring-jdbc/6.2.0-SNAPSHOT/spring-jdbc-6.2.0-SNAPSHOT.jar:/home/j/.m2/repository/org/hibernate/orm/hibernate-core/6.5.2.Final/hibernate-core-6.5.2.Final.jar:/home/j/.m2/repository/jakarta/persistence/jakarta.persistence-api/3.1.0/jakarta.persistence-api-3.1.0.jar:/home/j/.m2/repository/jakarta/transaction/jakarta.transaction-api/2.0.1/jakarta.transaction-api-2.0.1.jar:/home/j/.m2/repository/org/jboss/logging/jboss-logging/3.6.0.Final/jboss-logging-3.6.0.Final.jar:/home/j/.m2/repository/org/hibernate/common/hibernate-commons-annotations/6.0.6.Final/hibernate-commons-annotations-6.0.6.Final.jar:/home/j/.m2/repository/io/smallrye/jandex/3.1.2/jandex-3.1.2.jar:/home/j/.m2/repository/com/fasterxml/classmate/1.7.0/classmate-1.7.0.jar:/home/j/.m2/repository/net/bytebuddy/byte-buddy/1.14.18/byte-buddy-1.14.18.jar:/home/j/.m2/repository/org/glassfish/jaxb/jaxb-runtime/4.0.5/jaxb-runtime-4.0.5.jar:/home/j/.m2/repository/org/glassfish/jaxb/jaxb-core/4.0.5/jaxb-core-4.0.5.jar:/home/j/.m2/repository/org/eclipse/angus/angus-activation/2.0.2/angus-activation-2.0.2.jar:/home/j/.m2/repository/org/glassfish/jaxb/txw2/4.0.5/txw2-4.0.5.jar:/home/j/.m2/repository/com/sun/istack/istack-commons-runtime/4.1.2/istack-commons-runtime-4.1.2.jar:/home/j/.m2/repository/jakarta/inject/jakarta.inject-api/2.0.1/jakarta.inject-api-2.0.1.jar:/home/j/.m2/repository/org/springframework/spring-aspects/6.2.0-SNAPSHOT/spring-aspects-6.2.0-SNAPSHOT.jar:/home/j/.m2/repository/org/springframework/boot/spring-boot-starter-webflux/3.4.0-SNAPSHOT/spring-boot-starter-webflux-3.4.0-SNAPSHOT.jar:/home/j/.m2/repository/org/springframework/boot/spring-boot-starter-reactor-netty/3.4.0-SNAPSHOT/spring-boot-starter-reactor-netty-3.4.0-SNAPSHOT.jar:/home/j/.m2/repository/io/projectreactor/netty/reactor-netty-http/1.2.0-SNAPSHOT/reactor-netty-http-1.2.0-SNAPSHOT.jar:/home/j/.m2/repository/io/netty/netty-codec-http/4.1.112.Final/netty-codec-http-4.1.112.Final.jar:/home/j/.m2/repository/io/netty/netty-common/4.1.112.Final/netty-common-4.1.112.Final.jar:/home/j/.m2/repository/io/netty/netty-buffer/4.1.112.Final/netty-buffer-4.1.112.Final.jar:/home/j/.m2/repository/io/netty/netty-transport/4.1.112.Final/netty-transport-4.1.112.Final.jar:/home/j/.m2/repository/io/netty/netty-codec/4.1.112.Final/netty-codec-4.1.112.Final.jar:/home/j/.m2/repository/io/netty/netty-handler/4.1.112.Final/netty-handler-4.1.112.Final.jar:/home/j/.m2/repository/io/netty/netty-codec-http2/4.1.112.Final/netty-codec-http2-4.1.112.Final.jar:/home/j/.m2/repository/io/netty/netty-resolver-dns/4.1.112.Final/netty-resolver-dns-4.1.112.Final.jar:/home/j/.m2/repository/io/netty/netty-resolver/4.1.112.Final/netty-resolver-4.1.112.Final.jar:/home/j/.m2/repository/io/netty/netty-codec-dns/4.1.112.Final/netty-codec-dns-4.1.112.Final.jar:/home/j/.m2/repository/io/netty/netty-resolver-dns-native-macos/4.1.112.Final/netty-resolver-dns-native-macos-4.1.112.Final-osx-x86_64.jar:/home/j/.m2/repository/io/netty/netty-resolver-dns-classes-macos/4.1.112.Final/netty-resolver-dns-classes-macos-4.1.112.Final.jar:/home/j/.m2/repository/io/netty/netty-transport-native-epoll/4.1.112.Final/netty-transport-native-epoll-4.1.112.Final-linux-x86_64.jar:/home/j/.m2/repository/io/netty/netty-transport-native-unix-common/4.1.112.Final/netty-transport-native-unix-common-4.1.112.Final.jar:/home/j/.m2/repository/io/netty/netty-transport-classes-epoll/4.1.112.Final/netty-transport-classes-epoll-4.1.112.Final.jar:/home/j/.m2/repository/io/projectreactor/netty/reactor-netty-core/1.2.0-SNAPSHOT/reactor-netty-core-1.2.0-SNAPSHOT.jar:/home/j/.m2/repository/io/netty/netty-handler-proxy/4.1.112.Final/netty-handler-proxy-4.1.112.Final.jar:/home/j/.m2/repository/io/netty/netty-codec-socks/4.1.112.Final/netty-codec-socks-4.1.112.Final.jar:/home/j/.m2/repository/org/springframework/spring-webflux/6.2.0-SNAPSHOT/spring-webflux-6.2.0-SNAPSHOT.jar:/home/j/.m2/repository/io/projectreactor/reactor-core/3.7.0-SNAPSHOT/reactor-core-3.7.0-SNAPSHOT.jar:/home/j/.m2/repository/org/reactivestreams/reactive-streams/1.0.4/reactive-streams-1.0.4.jar:/home/j/.m2/repository/com/h2database/h2/2.3.230/h2-2.3.230.jar:/home/j/.m2/repository/javax/persistence/javax.persistence-api/2.2/javax.persistence-api-2.2.jar:/home/j/.m2/repository/org/projectlombok/lombok/1.18.34/lombok-1.18.34.jar:/home/j/.m2/repository/org/springframework/data/spring-data-jpa/3.3.3-SNAPSHOT/spring-data-jpa-3.3.3-SNAPSHOT.jar:/home/j/.m2/repository/org/springframework/data/spring-data-commons/3.3.3-SNAPSHOT/spring-data-commons-3.3.3-SNAPSHOT.jar:/home/j/.m2/repository/org/springframework/spring-orm/6.2.0-SNAPSHOT/spring-orm-6.2.0-SNAPSHOT.jar:/home/j/.m2/repository/org/springframework/spring-context/6.2.0-SNAPSHOT/spring-context-6.2.0-SNAPSHOT.jar:/home/j/.m2/repository/org/springframework/spring-aop/6.2.0-SNAPSHOT/spring-aop-6.2.0-SNAPSHOT.jar:/home/j/.m2/repository/org/springframework/spring-tx/6.2.0-SNAPSHOT/spring-tx-6.2.0-SNAPSHOT.jar:/home/j/.m2/repository/org/springframework/spring-beans/6.2.0-SNAPSHOT/spring-beans-6.2.0-SNAPSHOT.jar:/home/j/.m2/repository/org/springframework/spring-core/6.2.0-SNAPSHOT/spring-core-6.2.0-SNAPSHOT.jar:/home/j/.m2/repository/org/springframework/spring-jcl/6.2.0-SNAPSHOT/spring-jcl-6.2.0-SNAPSHOT.jar:/home/j/.m2/repository/org/antlr/antlr4-runtime/4.13.0/antlr4-runtime-4.13.0.jar:/home/j/.m2/repository/org/slf4j/slf4j-api/2.0.16/slf4j-api-2.0.16.jar:/home/j/.m2/repository/org/springframework/boot/spring-boot-starter-validation/3.4.0-SNAPSHOT/spring-boot-starter-validation-3.4.0-SNAPSHOT.jar:/home/j/.m2/repository/org/hibernate/validator/hibernate-validator/8.0.1.Final/hibernate-validator-8.0.1.Final.jar:/home/j/.m2/repository/jakarta/validation/jakarta.validation-api/3.0.2/jakarta.validation-api-3.0.2.jar:/home/j/.m2/repository/javax/validation/validation-api/2.0.1.Final/validation-api-2.0.1.Final.jar:/home/j/.m2/repository/org/springframework/boot/spring-boot-starter-test/3.4.0-SNAPSHOT/spring-boot-starter-test-3.4.0-SNAPSHOT.jar:/home/j/.m2/repository/org/springframework/boot/spring-boot-test/3.4.0-SNAPSHOT/spring-boot-test-3.4.0-SNAPSHOT.jar:/home/j/.m2/repository/org/springframework/boot/spring-boot-test-autoconfigure/3.4.0-SNAPSHOT/spring-boot-test-autoconfigure-3.4.0-SNAPSHOT.jar:/home/j/.m2/repository/com/jayway/jsonpath/json-path/2.9.0/json-path-2.9.0.jar:/home/j/.m2/repository/jakarta/xml/bind/jakarta.xml.bind-api/4.0.2/jakarta.xml.bind-api-4.0.2.jar:/home/j/.m2/repository/jakarta/activation/jakarta.activation-api/2.1.3/jakarta.activation-api-2.1.3.jar:/home/j/.m2/repository/net/minidev/json-smart/2.5.1/json-smart-2.5.1.jar:/home/j/.m2/repository/net/minidev/accessors-smart/2.5.1/accessors-smart-2.5.1.jar:/home/j/.m2/repository/org/ow2/asm/asm/9.6/asm-9.6.jar:/home/j/.m2/repository/org/assertj/assertj-core/3.26.3/assertj-core-3.26.3.jar:/home/j/.m2/repository/org/awaitility/awaitility/4.2.2/awaitility-4.2.2.jar:/home/j/.m2/repository/org/hamcrest/hamcrest/2.2/hamcrest-2.2.jar:/home/j/.m2/repository/org/junit/jupiter/junit-jupiter/5.10.3/junit-jupiter-5.10.3.jar:/home/j/.m2/repository/org/junit/jupiter/junit-jupiter-api/5.10.3/junit-jupiter-api-5.10.3.jar:/home/j/.m2/repository/org/opentest4j/opentest4j/1.3.0/opentest4j-1.3.0.jar:/home/j/.m2/repository/org/junit/platform/junit-platform-commons/1.10.3/junit-platform-commons-1.10.3.jar:/home/j/.m2/repository/org/apiguardian/apiguardian-api/1.1.2/apiguardian-api-1.1.2.jar:/home/j/.m2/repository/org/junit/jupiter/junit-jupiter-params/5.10.3/junit-jupiter-params-5.10.3.jar:/home/j/.m2/repository/org/junit/jupiter/junit-jupiter-engine/5.10.3/junit-jupiter-engine-5.10.3.jar:/home/j/.m2/repository/org/junit/platform/junit-platform-engine/1.10.3/junit-platform-engine-1.10.3.jar:/home/j/.m2/repository/org/mockito/mockito-core/5.12.0/mockito-core-5.12.0.jar:/home/j/.m2/repository/net/bytebuddy/byte-buddy-agent/1.14.18/byte-buddy-agent-1.14.18.jar:/home/j/.m2/repository/org/objenesis/objenesis/3.3/objenesis-3.3.jar:/home/j/.m2/repository/org/mockito/mockito-junit-jupiter/5.12.0/mockito-junit-jupiter-5.12.0.jar:/home/j/.m2/repository/org/skyscreamer/jsonassert/1.5.3/jsonassert-1.5.3.jar:/home/j/.m2/repository/com/vaadin/external/google/android-json/0.0.20131108.vaadin1/android-json-0.0.20131108.vaadin1.jar:/home/j/.m2/repository/org/springframework/spring-test/6.2.0-SNAPSHOT/spring-test-6.2.0-SNAPSHOT.jar:/home/j/.m2/repository/org/xmlunit/xmlunit-core/2.10.0/xmlunit-core-2.10.0.jar:"/>
    <property name="sun.cpu.endian" value="little"/>
    <property name="user.home" value="/home/j"/>
    <property name="user.language" value="en"/>
    <property name="java.specification.vendor" value="Oracle Corporation"/>
    <property name="java.version.date" value="2024-04-16"/>
    <property name="java.home" value="/home/j/.jdks/jbr-17.0.11"/>
    <property name="file.separator" value="/"/>
    <property name="basedir" value="/home/j/ProjectsIntelliJ/Prispevky"/>
    <property name="java.vm.compressedOopsMode" value="Zero based"/>
    <property name="line.separator" value="&#10;"/>
    <property name="java.vm.specification.vendor" value="Oracle Corporation"/>
    <property name="java.specification.name" value="Java Platform API Specification"/>
    <property name="intellij.os.virtualization" value="none"/>
    <property name="FILE_LOG_CHARSET" value="UTF-8"/>
    <property name="java.awt.headless" value="true"/>
    <property name="jbr.virtualization.information" value="No virtualization detected"/>
    <property name="surefire.real.class.path" value="/home/j/ProjectsIntelliJ/Prispevky/target/surefire/surefirebooter-20240815100538222_3.jar"/>
    <property name="sun.management.compiler" value="HotSpot 64-Bit Tiered Compilers"/>
    <property name="java.runtime.version" value="17.0.11+1-b1312.2"/>
    <property name="user.name" value="j"/>
    <property name="path.separator" value=":"/>
    <property name="os.version" value="6.5.0-45-generic"/>
    <property name="java.runtime.name" value="OpenJDK Runtime Environment"/>
    <property name="file.encoding" value="UTF-8"/>
    <property name="java.vm.name" value="OpenJDK 64-Bit Server VM"/>
    <property name="java.vendor.version" value="JBR-17.0.11+1-1312.2-nomod"/>
    <property name="localRepository" value="/home/j/.m2/repository"/>
    <property name="java.vendor.url.bug" value="https://bugreport.java.com/bugreport/"/>
    <property name="java.io.tmpdir" value="/tmp"/>
    <property name="idea.version" value="2024.2"/>
    <property name="catalina.home" value="/tmp/tomcat.8081.5957837951723388469"/>
    <property name="com.zaxxer.hikari.pool_number" value="2"/>
    <property name="java.version" value="17.0.11"/>
    <property name="user.dir" value="/home/j/ProjectsIntelliJ/Prispevky"/>
    <property name="os.arch" value="amd64"/>
    <property name="java.vm.specification.name" value="Java Virtual Machine Specification"/>
    <property name="PID" value="194516"/>
    <property name="CONSOLE_LOG_CHARSET" value="UTF-8"/>
    <property name="catalina.base" value="/tmp/tomcat.8081.5957837951723388469"/>
    <property name="native.encoding" value="UTF-8"/>
    <property name="java.library.path" value="/usr/java/packages/lib:/usr/lib64:/lib64:/lib:/usr/lib"/>
    <property name="java.vm.info" value="mixed mode, sharing"/>
    <property name="java.vendor" value="JetBrains s.r.o."/>
    <property name="java.vm.version" value="17.0.11+1-b1312.2"/>
    <property name="sun.io.unicode.encoding" value="UnicodeLittle"/>
    <property name="java.class.version" value="61.0"/>
    <property name="LOGGED_APPLICATION_NAME" value="[Prispevky] "/>
  </properties>
  <testcase name="contextLoads" classname="org.example.prispevky.PrispevkyApplicationTests" time="0.004">
    <system-out><![CDATA[2024-08-15T10:05:46.107+02:00  INFO 194516 --- [Prispevky] [           main] t.c.s.AnnotationConfigContextLoaderUtils : Could not detect default configuration classes for test class [org.example.prispevky.PrispevkyApplicationTests]: PrispevkyApplicationTests does not declare any static, non-private, non-final, nested classes annotated with @Configuration.
2024-08-15T10:05:46.110+02:00  INFO 194516 --- [Prispevky] [           main] .b.t.c.SpringBootTestContextBootstrapper : Found @SpringBootConfiguration org.example.prispevky.PrispevkyApplication for test class org.example.prispevky.PrispevkyApplicationTests

  .   ____          _            __ _ _
 /\\ / ___'_ __ _ _(_)_ __  __ _ \ \ \ \
( ( )\___ | '_ | '_| | '_ \/ _` | \ \ \ \
 \\/  ___)| |_)| | | | | || (_| |  ) ) ) )
  '  |____| .__|_| |_|_| |_\__, | / / / /
 =========|_|==============|___/=/_/_/_/

 :: Spring Boot ::       (v3.4.0-SNAPSHOT)

2024-08-15T10:05:46.143+02:00  INFO 194516 --- [Prispevky] [           main] o.e.prispevky.PrispevkyApplicationTests  : Starting PrispevkyApplicationTests using Java 17.0.11 with PID 194516 (started by j in /home/j/ProjectsIntelliJ/Prispevky)
2024-08-15T10:05:46.143+02:00  INFO 194516 --- [Prispevky] [           main] o.e.prispevky.PrispevkyApplicationTests  : No active profile set, falling back to 1 default profile: "default"
2024-08-15T10:05:46.326+02:00  INFO 194516 --- [Prispevky] [           main] .s.d.r.c.RepositoryConfigurationDelegate : Bootstrapping Spring Data JPA repositories in DEFAULT mode.
2024-08-15T10:05:46.333+02:00  INFO 194516 --- [Prispevky] [           main] .s.d.r.c.RepositoryConfigurationDelegate : Finished Spring Data repository scanning in 6 ms. Found 1 JPA repository interface.
2024-08-15T10:05:46.426+02:00  INFO 194516 --- [Prispevky] [           main] com.zaxxer.hikari.HikariDataSource       : HikariPool-2 - Starting...
2024-08-15T10:05:46.428+02:00  INFO 194516 --- [Prispevky] [           main] com.zaxxer.hikari.pool.HikariPool        : HikariPool-2 - Added connection conn10: url=jdbc:h2:mem:~/COMMENTS user=NA
2024-08-15T10:05:46.428+02:00  INFO 194516 --- [Prispevky] [           main] com.zaxxer.hikari.HikariDataSource       : HikariPool-2 - Start completed.
2024-08-15T10:05:46.454+02:00  INFO 194516 --- [Prispevky] [           main] .i.s.PathMatchingResourcePatternResolver : Skipping search for files matching pattern [**/*.class]: directory [/home/j/ProjectsIntelliJ/Prispevky/target/test-classes/org/example/prispevky/entity] does not exist
2024-08-15T10:05:46.456+02:00  INFO 194516 --- [Prispevky] [           main] o.hibernate.jpa.internal.util.LogHelper  : HHH000204: Processing PersistenceUnitInfo [name: default]
2024-08-15T10:05:46.458+02:00  INFO 194516 --- [Prispevky] [           main] o.h.c.internal.RegionFactoryInitiator    : HHH000026: Second-level cache disabled
2024-08-15T10:05:46.470+02:00  INFO 194516 --- [Prispevky] [           main] o.s.o.j.p.SpringPersistenceUnitInfo      : No LoadTimeWeaver setup: ignoring JPA class transformer
2024-08-15T10:05:46.471+02:00  WARN 194516 --- [Prispevky] [           main] org.hibernate.orm.deprecation            : HHH90000025: H2Dialect does not need to be specified explicitly using 'hibernate.dialect' (remove the property setting and it will be selected by default)
2024-08-15T10:05:46.529+02:00  INFO 194516 --- [Prispevky] [           main] o.h.e.t.j.p.i.JtaPlatformInitiator       : HHH000489: No JTA platform available (set 'hibernate.transaction.jta.platform' to enable JTA platform integration)
Hibernate: alter table if exists comments alter column body set data type varchar(255)
2024-08-15T10:05:46.537+02:00  INFO 194516 --- [Prispevky] [           main] j.LocalContainerEntityManagerFactoryBean : Initialized JPA EntityManagerFactory for persistence unit 'default'
2024-08-15T10:05:46.638+02:00  WARN 194516 --- [Prispevky] [           main] JpaBaseConfiguration$JpaWebConfiguration : spring.jpa.open-in-view is enabled by default. Therefore, database queries may be performed during view rendering. Explicitly configure spring.jpa.open-in-view to disable this warning
2024-08-15T10:05:46.696+02:00  INFO 194516 --- [Prispevky] [           main] o.s.b.a.h2.H2ConsoleAutoConfiguration    : H2 console available at '/h2-console'. Database available at 'jdbc:h2:mem:~/COMMENTS'
2024-08-15T10:05:46.719+02:00  INFO 194516 --- [Prispevky] [           main] o.e.prispevky.PrispevkyApplicationTests  : Started PrispevkyApplicationTests in 0.602 seconds (process running for 8.405)
]]></system-out>
  </testcase>
</testsuite>